[debug] [2025-12-03T03:53:53.739Z] ----------------------------------------------------------------------
[debug] [2025-12-03T03:53:53.741Z] Command:       C:\Program Files\nodejs\node.exe C:\Users\USER\AppData\Roaming\npm\node_modules\firebase-tools\lib\bin\firebase.js apps:sdkconfig web --project unihub-1e564
[debug] [2025-12-03T03:53:53.742Z] CLI Version:   13.34.0
[debug] [2025-12-03T03:53:53.742Z] Platform:      win32
[debug] [2025-12-03T03:53:53.742Z] Node Version:  v22.14.0
[debug] [2025-12-03T03:53:53.742Z] Time:          Wed Dec 03 2025 09:23:53 GMT+0530 (India Standard Time)
[debug] [2025-12-03T03:53:53.742Z] ----------------------------------------------------------------------
[debug] 
[debug] [2025-12-03T03:53:53.748Z] > command requires scopes: ["email","openid","https://www.googleapis.com/auth/cloudplatformprojects.readonly","https://www.googleapis.com/auth/firebase","https://www.googleapis.com/auth/cloud-platform"]
[debug] [2025-12-03T03:53:53.749Z] > authorizing via signed-in user (chamiduudara321@gmail.com)
[debug] [2025-12-03T03:53:53.751Z] Checked if tokens are valid: false, expires at: 1741765736079
[debug] [2025-12-03T03:53:53.752Z] Checked if tokens are valid: false, expires at: 1741765736079
[debug] [2025-12-03T03:53:53.752Z] > refreshing access token with scopes: []
[debug] [2025-12-03T03:53:53.754Z] >>> [apiv2][query] POST https://www.googleapis.com/oauth2/v3/token [none]
[debug] [2025-12-03T03:53:53.754Z] >>> [apiv2][body] POST https://www.googleapis.com/oauth2/v3/token [omitted]
[debug] [2025-12-03T03:53:54.038Z] <<< [apiv2][status] POST https://www.googleapis.com/oauth2/v3/token 400
[debug] [2025-12-03T03:53:54.039Z] <<< [apiv2][body] POST https://www.googleapis.com/oauth2/v3/token [omitted]
[debug] [2025-12-03T03:53:54.039Z] >>> [apiv2][query] GET https://firebase.googleapis.com/v1beta1/projects/unihub-1e564/webApps pageSize=100
[debug] [2025-12-03T03:53:54.543Z] <<< [apiv2][status] GET https://firebase.googleapis.com/v1beta1/projects/unihub-1e564/webApps 401
[debug] [2025-12-03T03:53:54.543Z] <<< [apiv2][body] GET https://firebase.googleapis.com/v1beta1/projects/unihub-1e564/webApps {"error":{"code":401,"message":"Request had invalid authentication credentials. Expected OAuth 2 access token, login cookie or other valid authentication credential. See https://developers.google.com/identity/sign-in/web/devconsole-project.","status":"UNAUTHENTICATED"}}
[debug] [2025-12-03T03:53:54.544Z] Got a 401 Unauthenticated error for a call that required authentication. Refreshing tokens.
[debug] [2025-12-03T03:53:54.544Z] Checked if tokens are valid: false, expires at: 1741765736079
[debug] [2025-12-03T03:53:54.544Z] Checked if tokens are valid: false, expires at: 1741765736079
[debug] [2025-12-03T03:53:54.544Z] > refreshing access token with scopes: []
[debug] [2025-12-03T03:53:54.544Z] >>> [apiv2][query] POST https://www.googleapis.com/oauth2/v3/token [none]
[debug] [2025-12-03T03:53:54.544Z] >>> [apiv2][body] POST https://www.googleapis.com/oauth2/v3/token [omitted]
[debug] [2025-12-03T03:53:54.614Z] <<< [apiv2][status] POST https://www.googleapis.com/oauth2/v3/token 400
[debug] [2025-12-03T03:53:54.615Z] <<< [apiv2][body] POST https://www.googleapis.com/oauth2/v3/token [omitted]
[debug] [2025-12-03T03:53:54.615Z] Request to https://firebase.googleapis.com/v1beta1/projects/unihub-1e564/webApps?pageSize=100 had HTTP Error: 401, Request had invalid authentication credentials. Expected OAuth 2 access token, login cookie or other valid authentication credential. See https://developers.google.com/identity/sign-in/web/devconsole-project.
[debug] [2025-12-03T03:53:54.818Z] FirebaseError: Request to https://firebase.googleapis.com/v1beta1/projects/unihub-1e564/webApps?pageSize=100 had HTTP Error: 401, Request had invalid authentication credentials. Expected OAuth 2 access token, login cookie or other valid authentication credential. See https://developers.google.com/identity/sign-in/web/devconsole-project.
    at responseToError (C:\Users\USER\AppData\Roaming\npm\node_modules\firebase-tools\lib\responseToError.js:52:12)
    at RetryOperation._fn (C:\Users\USER\AppData\Roaming\npm\node_modules\firebase-tools\lib\apiv2.js:312:77)
    at process.processTicksAndRejections (node:internal/process/task_queues:105:5)
[error] 
[error] Error: Failed to list Firebase WEB apps. See firebase-debug.log for more info.
